24-Oct-2016 16:39:17.184 INFO [http-nio-7777-exec-8] org.apache.catalina.core.ApplicationContext.log HTMLManager: init: Associated with Deployer 'Catalina:type=Deployer,host=localhost'
24-Oct-2016 16:39:17.184 INFO [http-nio-7777-exec-8] org.apache.catalina.core.ApplicationContext.log HTMLManager: init: Global resources are available
24-Oct-2016 16:39:17.236 INFO [http-nio-7777-exec-8] org.apache.catalina.core.ApplicationContext.log HTMLManager: list: Listing contexts for virtual host 'localhost'
24-Oct-2016 17:00:29.389 INFO [http-apr-7777-exec-7] org.apache.catalina.core.ApplicationContext.log HTMLManager: init: Associated with Deployer 'Catalina:type=Deployer,host=localhost'
24-Oct-2016 17:00:29.389 INFO [http-apr-7777-exec-7] org.apache.catalina.core.ApplicationContext.log HTMLManager: init: Global resources are available
24-Oct-2016 17:00:29.392 INFO [http-apr-7777-exec-7] org.apache.catalina.core.ApplicationContext.log HTMLManager: list: Listing contexts for virtual host 'localhost'
24-Oct-2016 17:02:44.819 INFO [http-apr-7777-exec-4] org.apache.catalina.core.ApplicationContext.log HTMLManager: list: Listing contexts for virtual host 'localhost'
24-Oct-2016 17:03:50.178 INFO [http-apr-7777-exec-7] org.apache.catalina.core.ApplicationContext.log HTMLManager: list: Listing contexts for virtual host 'localhost'
24-Oct-2016 17:05:25.787 INFO [http-apr-7777-exec-6] org.apache.catalina.core.ApplicationContext.log HTMLManager: list: Listing contexts for virtual host 'localhost'
24-Oct-2016 17:05:28.929 INFO [http-apr-7777-exec-17] org.apache.catalina.core.ApplicationContext.log HTMLManager: list: Listing contexts for virtual host 'localhost'
24-Oct-2016 17:12:06.568 INFO [http-apr-7777-exec-4] org.apache.catalina.core.ApplicationContext.log HTMLManager: init: Associated with Deployer 'Catalina:type=Deployer,host=localhost'
24-Oct-2016 17:12:06.569 INFO [http-apr-7777-exec-4] org.apache.catalina.core.ApplicationContext.log HTMLManager: init: Global resources are available
24-Oct-2016 17:12:06.581 INFO [http-apr-7777-exec-4] org.apache.catalina.core.ApplicationContext.log HTMLManager: list: Listing contexts for virtual host 'localhost'
24-Oct-2016 17:12:10.274 INFO [http-apr-7777-exec-7] org.apache.catalina.core.ApplicationContext.log HTMLManager: restart: Reloading web application '/emptyws'
24-Oct-2016 17:12:11.047 INFO [http-apr-7777-exec-7] org.apache.catalina.core.ApplicationContext.log HTMLManager: list: Listing contexts for virtual host 'localhost'
24-Oct-2016 17:12:28.259 INFO [http-apr-7777-exec-13] org.apache.catalina.core.ApplicationContext.log HTMLManager: restart: Reloading web application '/webservice'
24-Oct-2016 17:12:29.399 INFO [http-apr-7777-exec-13] org.apache.catalina.core.ApplicationContext.log HTMLManager: list: Listing contexts for virtual host 'localhost'
24-Oct-2016 17:14:07.391 INFO [http-apr-7777-exec-15] org.apache.catalina.core.ApplicationContext.log HTMLManager: list: Listing contexts for virtual host 'localhost'
24-Oct-2016 17:14:35.373 INFO [http-apr-7777-exec-16] org.apache.catalina.core.ApplicationContext.log HTMLManager: start: Starting web application '/magyarlanc-web'
24-Oct-2016 17:14:35.374 INFO [http-apr-7777-exec-16] org.apache.catalina.core.ApplicationContext.log HTMLManager: list: Listing contexts for virtual host 'localhost'
24-Oct-2016 17:18:28.201 INFO [http-apr-7777-exec-22] org.apache.catalina.core.ApplicationContext.log HTMLManager: list: Listing contexts for virtual host 'localhost'
24-Oct-2016 17:31:20.684 INFO [http-apr-7777-exec-25] org.apache.catalina.core.ApplicationContext.log HTMLManager: list: Listing contexts for virtual host 'localhost'
24-Oct-2016 17:33:08.684 INFO [http-apr-7777-exec-3] org.apache.catalina.core.ApplicationContext.log HTMLManager: init: Associated with Deployer 'Catalina:type=Deployer,host=localhost'
24-Oct-2016 17:33:08.684 INFO [http-apr-7777-exec-3] org.apache.catalina.core.ApplicationContext.log HTMLManager: init: Global resources are available
24-Oct-2016 17:33:08.692 INFO [http-apr-7777-exec-3] org.apache.catalina.core.ApplicationContext.log HTMLManager: list: Listing contexts for virtual host 'localhost'
24-Oct-2016 17:34:36.786 INFO [http-apr-8080-exec-6] org.apache.catalina.core.ApplicationContext.log HTMLManager: init: Associated with Deployer 'Catalina:type=Deployer,host=localhost'
24-Oct-2016 17:34:36.787 INFO [http-apr-8080-exec-6] org.apache.catalina.core.ApplicationContext.log HTMLManager: init: Global resources are available
24-Oct-2016 17:34:36.790 INFO [http-apr-8080-exec-6] org.apache.catalina.core.ApplicationContext.log HTMLManager: list: Listing contexts for virtual host 'localhost'
24-Oct-2016 18:01:29.075 INFO [http-apr-8080-exec-22] org.apache.catalina.core.ApplicationContext.log HTMLManager: list: Listing contexts for virtual host 'localhost'
24-Oct-2016 18:07:09.443 INFO [http-apr-8080-exec-26] org.apache.catalina.core.ApplicationContext.log HTMLManager: list: Listing contexts for virtual host 'localhost'
24-Oct-2016 18:14:48.567 INFO [http-apr-8080-exec-45] org.apache.catalina.core.ApplicationContext.log HTMLManager: list: Listing contexts for virtual host 'localhost'
24-Oct-2016 18:14:51.306 INFO [http-apr-8080-exec-49] org.apache.catalina.core.ApplicationContext.log HTMLManager: restart: Reloading web application '/magyarlanc-websearch'
24-Oct-2016 18:14:52.053 INFO [http-apr-8080-exec-49] org.apache.catalina.core.ApplicationContext.log HTMLManager: list: Listing contexts for virtual host 'localhost'
24-Oct-2016 18:15:27.735 INFO [http-apr-8080-exec-48] org.apache.catalina.core.ApplicationContext.log HTMLManager: list: Listing contexts for virtual host 'localhost'
24-Oct-2016 19:12:21.722 INFO [http-apr-8080-exec-3] org.apache.catalina.core.ApplicationContext.log HTMLManager: init: Associated with Deployer 'Catalina:type=Deployer,host=localhost'
24-Oct-2016 19:12:21.722 INFO [http-apr-8080-exec-3] org.apache.catalina.core.ApplicationContext.log HTMLManager: init: Global resources are available
24-Oct-2016 19:12:21.733 INFO [http-apr-8080-exec-3] org.apache.catalina.core.ApplicationContext.log HTMLManager: list: Listing contexts for virtual host 'localhost'
24-Oct-2016 19:15:24.968 INFO [http-apr-8080-exec-10] org.apache.catalina.core.ApplicationContext.log HTMLManager: list: Listing contexts for virtual host 'localhost'
24-Oct-2016 19:15:30.013 INFO [http-apr-8080-exec-7] org.apache.catalina.core.ApplicationContext.log HTMLManager: restart: Reloading web application '/magyarlanc-web'
24-Oct-2016 19:15:31.338 INFO [http-apr-8080-exec-7] org.apache.catalina.core.ApplicationContext.log HTMLManager: list: Listing contexts for virtual host 'localhost'
24-Oct-2016 19:15:31.540 INFO [http-apr-8080-exec-6] org.apache.catalina.core.ApplicationContext.log HTMLManager: stop: Stopping web application '/magyarlanc-web'
24-Oct-2016 19:15:31.550 INFO [http-apr-8080-exec-6] org.apache.catalina.core.ApplicationContext.log HTMLManager: list: Listing contexts for virtual host 'localhost'
24-Oct-2016 19:15:32.686 INFO [http-apr-8080-exec-12] org.apache.catalina.core.ApplicationContext.log HTMLManager: start: Starting web application '/magyarlanc-web'
24-Oct-2016 19:15:33.788 INFO [http-apr-8080-exec-12] org.apache.catalina.core.ApplicationContext.log HTMLManager: list: Listing contexts for virtual host 'localhost'
24-Oct-2016 19:15:35.465 INFO [http-apr-8080-exec-8] org.apache.catalina.core.ApplicationContext.log HTMLManager: restart: Reloading web application '/magyarlanc-web'
24-Oct-2016 19:15:36.586 INFO [http-apr-8080-exec-8] org.apache.catalina.core.ApplicationContext.log HTMLManager: list: Listing contexts for virtual host 'localhost'
24-Oct-2016 19:19:02.056 INFO [http-apr-8080-exec-15] org.apache.catalina.core.ApplicationContext.log HTMLManager: list: Listing contexts for virtual host 'localhost'
24-Oct-2016 19:24:58.358 INFO [http-apr-8080-exec-26] org.apache.catalina.core.ApplicationContext.log HTMLManager: list: Listing contexts for virtual host 'localhost'
24-Oct-2016 19:25:00.277 INFO [http-apr-8080-exec-24] org.apache.catalina.core.ApplicationContext.log HTMLManager: list: Listing contexts for virtual host 'localhost'
24-Oct-2016 19:27:19.295 INFO [http-apr-8080-exec-34] org.apache.catalina.core.ApplicationContext.log HTMLManager: list: Listing contexts for virtual host 'localhost'
